"File: GPIO.C        Assembler  Version HGASM0202      Page 1


   1  0000              ; Generated by holtek-gcc v3.19, Wed Aug 10 09:59:01 2022
   2  0000              ; 
   3  0000              ; Configuration:
   4  0000              ;       without long instruction
   5  0000              ;       Single ROM, Multi-RAM
   6  0000              ;       bits_per_rom_unit:16
   7  0000              ;       with mp1
   8  0000              ;       with tbhp, address(0x9)
   9  0000              ;          Use tabrd-const
  10  0000              ;       
  11  0000              ;       
  12  0000              ;       
  13  0000              ; use 'tabrdc' instead of 'tabrd'
  14  0000              ;       
  15  0000              
  16  0000              #pragma translator "holtek-gcc 4.6.4" "3.19" "build 20130711"
  17  0000              ; Rebuild 718
  18  0000              
  19  0000              ir equ [2]
  20  0000              mp equ [3]
  21  0000              sbp equ [1]
  22  0000              acc equ [5]
  23  0000              bp equ [4]
  24  0000              tblp equ [7]
  25  0000              tbhp equ [9]
  26  0000              status equ [10]
  27  0000              c equ [10].0
  28  0000              ac equ [10].1
  29  0000              z equ [10].2
  30  0000              ov equ [10].3
  31  0000              intc equ [11]
  32  0000              
  33  0000              extern ra:byte
  34  0000              extern rb:byte
  35  0000              extern rc:byte
  36  0000              extern rd:byte
  37  0000              extern re:byte
  38  0000              extern rf:byte
  39  0000              extern rg:byte
  40  0000              extern rh:byte
  41  0000              extern _Crom2Prom:near
  42  0000              extern _Crom2PromNext:near
  43  0000              
  44  0000              RAMBANK 0 @HCCINIT, @HCCINIT0
  45  0000              
  46  0000              RAMBANK 0 @BITDATASEC, @BITDATASEC1
  47  0000              @HCCINIT	.section 'data'
  48  0000              @HCCINIT0	.section 'data'
  49  0000              @BITDATASEC	 .section 'data'
  50  0000              @BITDATASEC1	 .section 'data'
  51  0000              
  52  0000              #pragma debug scope 1 1
  53  0000              	extern __DELAY3:near
  54  0000              	extern __DELAYX3:near
  55  0000              	extern __DELAYX6:near
  56  0000              	extern __DELAYY5:near
  57  0000              	extern __DELAYY3:near
  58  0000              	extern _builtin_holtek_delay_2:byte
  59  0000              ___pbc equ [33]
"File: GPIO.ASM      Assembler  Version HGASM0202      Page 2

  60  0000              ___pac equ [21]
  61  0000              public _GPIO_ini
  62  0000              #pragma debug scope 2 1

   4  0000              #line 4 "C:\Users\barby\Desktop\Company_work\Ronic\jaroo_fuck_navid_gun_xc_CODE\LIB\FUN\GPIO.C"
   4  0000              _GPIO_ini .section 'code'
   4  0000              _GPIO_ini proc
   6  0000              #line 6 "C:\Users\barby\Desktop\Company_work\Ronic\jaroo_fuck_navid_gun_xc_CODE\LIB\FUN\GPIO.C"
   6  0000  3721        	clr [33].6
   7  0001              #line 7 "C:\Users\barby\Desktop\Company_work\Ronic\jaroo_fuck_navid_gun_xc_CODE\LIB\FUN\GPIO.C"
   7  0001  36A1        	clr [33].5
   8  0002              #line 8 "C:\Users\barby\Desktop\Company_work\Ronic\jaroo_fuck_navid_gun_xc_CODE\LIB\FUN\GPIO.C"
   8  0002  3415        	clr [21].0
   9  0003              #line 9 "C:\Users\barby\Desktop\Company_work\Ronic\jaroo_fuck_navid_gun_xc_CODE\LIB\FUN\GPIO.C"
   9  0003  3595        	clr [21].3
  10  0004              #line 10 "C:\Users\barby\Desktop\Company_work\Ronic\jaroo_fuck_navid_gun_xc_CODE\LIB\FUN\GPIO.C"
  10  0004  3495        	clr [21].1
  12  0005              #line 12 "C:\Users\barby\Desktop\Company_work\Ronic\jaroo_fuck_navid_gun_xc_CODE\LIB\FUN\GPIO.C"
  12  0005  3515        	clr [21].2
  13  0006              #line 13 "C:\Users\barby\Desktop\Company_work\Ronic\jaroo_fuck_navid_gun_xc_CODE\LIB\FUN\GPIO.C"
  13  0006  3795        	clr [21].7
  13  0007  0003        	ret
  13  0008              _GPIO_ini endp
  13  0008              #line 13 "C:\Users\barby\Desktop\Company_work\Ronic\jaroo_fuck_navid_gun_xc_CODE\LIB\FUN\GPIO.C"
  13  0008              #pragma debug scope 1 1
  13  0008              #pragma debug struct_end
  13  0008              #pragma debug struct_end
  13  0008              #pragma debug union_end
  13  0008              #pragma debug union_end
  13  0008              #pragma debug variable 43 1 ___pac "__pac" 1
  13  0008              #pragma debug struct_end
  13  0008              #pragma debug struct_end
  13  0008              #pragma debug union_end
  13  0008              #pragma debug union_end
  13  0008              #pragma debug variable 45 1 ___pbc "__pbc" 1
  13  0008              
  13  0008              ; 
  13  0008              ; Generated by holtek-gcc v3.19, Wed Aug 10 09:59:01 2022
  13  0008              ; Rebuild 718
  13  0008              ; end of file


        0 Errors, 0