"File: TOUCH.C       Assembler  Version HGASM0202      Page 1


   1  0000              ; Generated by holtek-gcc v3.19, Wed Aug 10 09:59:01 2022
   2  0000              ; 
   3  0000              ; Configuration:
   4  0000              ;       without long instruction
   5  0000              ;       Single ROM, Multi-RAM
   6  0000              ;       bits_per_rom_unit:16
   7  0000              ;       with mp1
   8  0000              ;       with tbhp, address(0x9)
   9  0000              ;          Use tabrd-const
  10  0000              ;       
  11  0000              ;       
  12  0000              ;       
  13  0000              ; use 'tabrdc' instead of 'tabrd'
  14  0000              ;       
  15  0000              
  16  0000              #pragma translator "holtek-gcc 4.6.4" "3.19" "build 20130711"
  17  0000              ; Rebuild 718
  18  0000              
  19  0000              ir equ [2]
  20  0000              mp equ [3]
  21  0000              sbp equ [1]
  22  0000              acc equ [5]
  23  0000              bp equ [4]
  24  0000              tblp equ [7]
  25  0000              tbhp equ [9]
  26  0000              status equ [10]
  27  0000              c equ [10].0
  28  0000              ac equ [10].1
  29  0000              z equ [10].2
  30  0000              ov equ [10].3
  31  0000              intc equ [11]
  32  0000              
  33  0000              extern ra:byte
  34  0000              extern rb:byte
  35  0000              extern rc:byte
  36  0000              extern rd:byte
  37  0000              extern re:byte
  38  0000              extern rf:byte
  39  0000              extern rg:byte
  40  0000              extern rh:byte
  41  0000              extern _Crom2Prom:near
  42  0000              extern _Crom2PromNext:near
  43  0000              
  44  0000              RAMBANK 0 @HCCINIT, @HCCINIT0
  45  0000              
  46  0000              RAMBANK 0 @BITDATASEC, @BITDATASEC1
  47  0000              @HCCINIT	.section 'data'
  48  0000              @HCCINIT0	.section 'data'
  49  0000              @BITDATASEC	 .section 'data'
  50  0000              @BITDATASEC1	 .section 'data'
  51  0000              
  52  0000              #pragma debug scope 1 1
  53  0000              	extern __DELAY3:near
  54  0000              	extern __DELAYX3:near
  55  0000              	extern __DELAYX6:near
  56  0000              	extern __DELAYY5:near
  57  0000              	extern __DELAYY3:near
  58  0000              	extern _builtin_holtek_delay_2:byte
  59  0000              ___pb equ [32]
"File: TOUCH.ASM     Assembler  Version HGASM0202      Page 2

  60  0000              ___pa equ [20]
  61  0000              public _touch_led_manage
  62  0000              #pragma debug scope 2 1

  12  0000              #line 12 "C:\Users\barby\Desktop\Company_work\Ronic\jaroo_fuck_navid_gun_xc_CODE\LIB\FUN\TOUCH.C"
  12  0000              _touch_led_manage .section 'code'
  12  0000              _touch_led_manage proc
  12  0000  00              local _touch_led_manage_2 db 1 dup(?)	; 0,1
  14  0001              #line 14 "C:\Users\barby\Desktop\Company_work\Ronic\jaroo_fuck_navid_gun_xc_CODE\LIB\FUN\TOUCH.C"
  14  0000  0700     E  	mov a,_DATA_BUF[0]
  14  0001  0080     R  	mov _touch_led_manage_2[0],a
  14  0002  3800     R  	snz _touch_led_manage_2[0].7
  14  0003  2800     R  	jmp _L2
  14  0004              #line 14 "C:\Users\barby\Desktop\Company_work\Ronic\jaroo_fuck_navid_gun_xc_CODE\LIB\FUN\TOUCH.C"
  14  0004  0700     E  	mov a,_jaroo[0]
  14  0005  0EF0        	and a,240
  14  0006  0080     E  	mov ra,a
  14  0007  3000     E  	set ra.0
  14  0008  2800     R  	jmp _L17
  14  0009              _L2:
  15  0009              #line 15 "C:\Users\barby\Desktop\Company_work\Ronic\jaroo_fuck_navid_gun_xc_CODE\LIB\FUN\TOUCH.C"
  15  0009  3800     R  	snz _touch_led_manage_2[0].4
  15  000A  2800     R  	jmp _L4
  15  000B  0700     E  	mov a,_jaroo[0]
  15  000C  0EF0        	and a,240
  15  000D  0080     E  	mov ra,a
  15  000E  3000     E  	set ra.1
  15  000F              _L17:
  15  000F  0700     E  	mov a,ra
  15  0010  0080     E  	mov _jaroo[0],a
  15  0011  2800     R  	jmp _L3
  15  0012              _L4:
  16  0012              #line 16 "C:\Users\barby\Desktop\Company_work\Ronic\jaroo_fuck_navid_gun_xc_CODE\LIB\FUN\TOUCH.C"
  16  0012  3800     R  	snz _touch_led_manage_2[0].3
  16  0013  2800     R  	jmp _L5
  16  0014  0700     E  	mov a,_jaroo[0]
  16  0015  0EF0        	and a,240
  16  0016  0080     E  	mov ra,a
  16  0017  0700     E  	mov a,ra
  16  0018  0D03        	or a,3
  16  0019  0080     E  	mov _jaroo[0],a
  16  001A  2800     R  	jmp _L3
  16  001B              _L5:
  17  001B              #line 17 "C:\Users\barby\Desktop\Company_work\Ronic\jaroo_fuck_navid_gun_xc_CODE\LIB\FUN\TOUCH.C"
  17  001B  3800     R  	snz _touch_led_manage_2[0].2
  17  001C  2800     R  	jmp _L6
  17  001D  0700     E  	mov a,_jaroo[0]
  17  001E  0EF0        	and a,240
  17  001F  0080     E  	mov ra,a
  17  0020  3000     E  	set ra.2
  17  0021  2800     R  	jmp _L17
  17  0022              _L6:
  18  0022              #line 18 "C:\Users\barby\Desktop\Company_work\Ronic\jaroo_fuck_navid_gun_xc_CODE\LIB\FUN\TOUCH.C"
  18  0022  3800     R  	snz _touch_led_manage_2[0].1
  18  0023  2800     R  	jmp _L3
  18  0024  0700     E  	mov a,_jaroo[0]
  18  0025  0EF0        	and a,240
  18  0026  0080     E  	mov ra,a
  18  0027  0700     E  	mov a,ra
  18  0028  0D05        	or a,5
"File: TOUCH.C       Assembler  Version HGASM0202      Page 3

  18  0029  0080     E  	mov _jaroo[0],a
  18  002A              _L3:
  23  002A              #line 23 "C:\Users\barby\Desktop\Company_work\Ronic\jaroo_fuck_navid_gun_xc_CODE\LIB\FUN\TOUCH.C"
  23  002A  3800     E  	snz _jaroo[4].0
  23  002B  2800     R  	jmp _L1
  24  002C              #line 24 "C:\Users\barby\Desktop\Company_work\Ronic\jaroo_fuck_navid_gun_xc_CODE\LIB\FUN\TOUCH.C"
  24  002C  3720        	clr [32].6
  24  002D  36A0        	clr [32].5
  24  002E  3414        	clr [20].0
  24  002F  3594        	clr [20].3
  24  0030  3494        	clr [20].1
  24  0031  3114        	set [20].2
  25  0032              #line 25 "C:\Users\barby\Desktop\Company_work\Ronic\jaroo_fuck_navid_gun_xc_CODE\LIB\FUN\TOUCH.C"
  25  0032  0700     E  	mov a,_jaroo[0]
  25  0033  0E0F        	and a,15
  25  0034  0080     E  	mov ra,a
  25  0035  1700     E  	sdza ra
  25  0036  2800     R  	jmp _L9
  25  0037  3320        	set [32].6
  25  0038  0700     E  	mov a,_jaroo[1]
  25  0039  0E07        	and a,7
  25  003A  0080     E  	mov ra,a
  25  003B  0700     E  	mov a,ra
  25  003C  0DF0        	or a,240
  25  003D  0080     E  	mov _jaroo[1],a
  25  003E  0FFC        	mov a,252
  25  003F  0680     E  	andm a,_jaroo[2]
  25  0040              _L9:
  26  0040              #line 26 "C:\Users\barby\Desktop\Company_work\Ronic\jaroo_fuck_navid_gun_xc_CODE\LIB\FUN\TOUCH.C"
  26  0040  0700     E  	mov a,_jaroo[0]
  26  0041  0E0F        	and a,15
  26  0042  0080     E  	mov ra,a
  26  0043  0700     E  	mov a,ra
  26  0044  0A02        	sub a,2
  26  0045  390A        	snz z
  26  0046  2800     R  	jmp _L10
  26  0047  32A0        	set [32].5
  26  0048  0700     E  	mov a,_jaroo[1]
  26  0049  0E07        	and a,7
  26  004A  0080     E  	mov ra,a
  26  004B  3000     E  	set ra.6
  26  004C  0700     E  	mov a,ra
  26  004D  0080     E  	mov _jaroo[1],a
  26  004E  0700     E  	mov a,_jaroo[2]
  26  004F  0EFC        	and a,252
  26  0050  0080     E  	mov ra,a
  26  0051  3000     E  	set ra.0
  26  0052  0700     E  	mov a,ra
  26  0053  0080     E  	mov _jaroo[2],a
  26  0054              _L10:
  27  0054              #line 27 "C:\Users\barby\Desktop\Company_work\Ronic\jaroo_fuck_navid_gun_xc_CODE\LIB\FUN\TOUCH.C"
  27  0054  0700     E  	mov a,_jaroo[0]
  27  0055  0E0F        	and a,15
  27  0056  0080     E  	mov ra,a
  27  0057  0700     E  	mov a,ra
  27  0058  0A03        	sub a,3
  27  0059  390A        	snz z
  27  005A  2800     R  	jmp _L11
  27  005B  3014        	set [20].0
  27  005C  0700     E  	mov a,_jaroo[1]
"File: TOUCH.C       Assembler  Version HGASM0202      Page 4

  27  005D  0E07        	and a,7
  27  005E  0080     E  	mov ra,a
  27  005F  0700     E  	mov a,ra
  27  0060  0D90        	or a,144
  27  0061  0080     E  	mov _jaroo[1],a
  27  0062  0700     E  	mov a,_jaroo[2]
  27  0063  0EFC        	and a,252
  27  0064  0080     E  	mov ra,a
  27  0065  3000     E  	set ra.0
  27  0066  0700     E  	mov a,ra
  27  0067  0080     E  	mov _jaroo[2],a
  27  0068              _L11:
  28  0068              #line 28 "C:\Users\barby\Desktop\Company_work\Ronic\jaroo_fuck_navid_gun_xc_CODE\LIB\FUN\TOUCH.C"
  28  0068  0700     E  	mov a,_jaroo[0]
  28  0069  0E0F        	and a,15
  28  006A  0080     E  	mov ra,a
  28  006B  0700     E  	mov a,ra
  28  006C  0A04        	sub a,4
  28  006D  390A        	snz z
  28  006E  2800     R  	jmp _L12
  28  006F  3194        	set [20].3
  28  0070  0700     E  	mov a,_jaroo[1]
  28  0071  0E07        	and a,7
  28  0072  0080     E  	mov ra,a
  28  0073  0700     E  	mov a,ra
  28  0074  0DE0        	or a,224
  28  0075  0080     E  	mov _jaroo[1],a
  28  0076  0700     E  	mov a,_jaroo[2]
  28  0077  0EFC        	and a,252
  28  0078  0080     E  	mov ra,a
  28  0079  3000     E  	set ra.0
  28  007A  0700     E  	mov a,ra
  28  007B  0080     E  	mov _jaroo[2],a
  28  007C              _L12:
  29  007C              #line 29 "C:\Users\barby\Desktop\Company_work\Ronic\jaroo_fuck_navid_gun_xc_CODE\LIB\FUN\TOUCH.C"
  29  007C  0700     E  	mov a,_jaroo[0]
  29  007D  0E0F        	and a,15
  29  007E  0080     E  	mov ra,a
  29  007F  0700     E  	mov a,ra
  29  0080  0A05        	sub a,5
  29  0081  390A        	snz z
  29  0082  2800     R  	jmp _L1
  29  0083  3094        	set [20].1
  29  0084  0700     E  	mov a,_jaroo[1]
  29  0085  0E07        	and a,7
  29  0086  0080     E  	mov ra,a
  29  0087  0700     E  	mov a,ra
  29  0088  0D98        	or a,152
  29  0089  0080     E  	mov _jaroo[1],a
  29  008A  0700     E  	mov a,_jaroo[2]
  29  008B  0EFC        	and a,252
  29  008C  0080     E  	mov ra,a
  29  008D  3000     E  	set ra.1
  29  008E  0700     E  	mov a,ra
  29  008F  0080     E  	mov _jaroo[2],a
  29  0090              _L1:
  29  0090  0003        	ret
  29  0091              _touch_led_manage endp
  29  0091              #line 29 "C:\Users\barby\Desktop\Company_work\Ronic\jaroo_fuck_navid_gun_xc_CODE\LIB\FUN\TOUCH.C"
  29  0091              #pragma debug scope 1 1
"File: TOUCH.C       Assembler  Version HGASM0202      Page 5

  29  0091              #pragma debug struct_end
  29  0091              #pragma debug struct_end
  29  0091              #pragma debug union_end
  29  0091              #pragma debug union_end
  29  0091              #pragma debug variable 43 1 ___pa "__pa" 1
  29  0091              #pragma debug struct_end
  29  0091              #pragma debug struct_end
  29  0091              #pragma debug union_end
  29  0091              #pragma debug union_end
  29  0091              #pragma debug variable 45 1 ___pb "__pb" 1
  29  0091              
  29  0091              ; output external variables
  29  0091              extern _jaroo:byte
  29  0091              extern _DATA_BUF:byte
  29  0091              
  29  0091              ; 
  29  0091              ; Generated by holtek-gcc v3.19, Wed Aug 10 09:59:01 2022
  29  0091              ; Rebuild 718
  29  0091              ; end of file


        0 Errors, 0