"File: USER_PROGRAM.C  Assembler  Version HGASM0202      Page 1


   1  0000              ; Generated by holtek-gcc v3.19, Wed Aug 10 09:58:59 2022
   2  0000              ; 
   3  0000              ; Configuration:
   4  0000              ;       without long instruction
   5  0000              ;       Single ROM, Multi-RAM
   6  0000              ;       bits_per_rom_unit:16
   7  0000              ;       with mp1
   8  0000              ;       with tbhp, address(0x9)
   9  0000              ;          Use tabrd-const
  10  0000              ;       
  11  0000              ;       
  12  0000              ;       
  13  0000              ; use 'tabrdc' instead of 'tabrd'
  14  0000              ;       
  15  0000              
  16  0000              #pragma translator "holtek-gcc 4.6.4" "3.19" "build 20130711"
  17  0000              ; Rebuild 718
  18  0000              
  19  0000              ir equ [2]
  20  0000              mp equ [3]
  21  0000              sbp equ [1]
  22  0000              acc equ [5]
  23  0000              bp equ [4]
  24  0000              tblp equ [7]
  25  0000              tbhp equ [9]
  26  0000              status equ [10]
  27  0000              c equ [10].0
  28  0000              ac equ [10].1
  29  0000              z equ [10].2
  30  0000              ov equ [10].3
  31  0000              intc equ [11]
  32  0000              
  33  0000              extern ra:byte
  34  0000              extern rb:byte
  35  0000              extern rc:byte
  36  0000              extern rd:byte
  37  0000              extern re:byte
  38  0000              extern rf:byte
  39  0000              extern rg:byte
  40  0000              extern rh:byte
  41  0000              extern _Crom2Prom:near
  42  0000              extern _Crom2PromNext:near
  43  0000              
  44  0000              RAMBANK 0 @HCCINIT, @HCCINIT0
  45  0000              
  46  0000              RAMBANK 0 @BITDATASEC, @BITDATASEC1
  47  0000              @HCCINIT	.section 'data'
  48  0000              @HCCINIT0	.section 'data'
  49  0000              @BITDATASEC	 .section 'data'
  50  0000              @BITDATASEC1	 .section 'data'
  51  0000              
  52  0000              #pragma debug scope 1 1
  53  0000              	extern __DELAY3:near
  54  0000              	extern __DELAYX3:near
  55  0000              	extern __DELAYX6:near
  56  0000              	extern __DELAYY5:near
  57  0000              	extern __DELAYY3:near
  58  0000              	extern _builtin_holtek_delay_2:byte
  59  0000              ___tmrc equ [29]
"File: USER_PROGRAM.ASM  Assembler  Version HGASM0202      Page 2

  60  0000              ___pb equ [32]
  61  0000              ___pa equ [20]
  62  0000              ___tmr equ [28]
  63  0000              public _timer
  64  0000              #pragma debug scope 2 1

  32  0000              #line 32 "C:\Users\barby\Desktop\Company_work\Ronic\jaroo_fuck_navid_gun_xc_CODE\20160607_LIBV413\USER_PROGRAM\USER_PROGRAM.C"
  32  0000              @timer_code .section at 12 'code'
  32  0000  0080     E  	mov r1,a
  32  0001  070A        	mov a,status
  32  0002  0080     E  	mov r2,a
  32  0003  2800     R  	jmp _timer
  32  0004              #pragma debug scope 1 1
  32  0004              @dummy12 endp
  32  0004              #pragma debug scope 3 1
  32  0000              _timer .section 'code'
  32  0000              _timer proc
  34  0000              #line 34 "C:\Users\barby\Desktop\Company_work\Ronic\jaroo_fuck_navid_gun_xc_CODE\20160607_LIBV413\USER_PROGRAM\USER_PROGRAM.C"
  34  0000  361D        	clr [29].4
  36  0001              #line 36 "C:\Users\barby\Desktop\Company_work\Ronic\jaroo_fuck_navid_gun_xc_CODE\20160607_LIBV413\USER_PROGRAM\USER_PROGRAM.C"
  36  0001  3C00     R  	sz _jaroo[4].0
  36  0002  2800     R  	jmp _L2
  38  0003              #line 38 "C:\Users\barby\Desktop\Company_work\Ronic\jaroo_fuck_navid_gun_xc_CODE\20160607_LIBV413\USER_PROGRAM\USER_PROGRAM.C"
  38  0003  1480     R  	inc _pwm[0]
  40  0004              #line 40 "C:\Users\barby\Desktop\Company_work\Ronic\jaroo_fuck_navid_gun_xc_CODE\20160607_LIBV413\USER_PROGRAM\USER_PROGRAM.C"
  40  0004  0700     R  	mov a,_pwm[0]
  40  0005  0200     R  	sub a,_pwm[1]
  40  0006  3C0A        	sz c
  40  0007  2800     R  	jmp _L3
  42  0008              #line 42 "C:\Users\barby\Desktop\Company_work\Ronic\jaroo_fuck_navid_gun_xc_CODE\20160607_LIBV413\USER_PROGRAM\USER_PROGRAM.C"
  42  0008  0700     R  	mov a,_jaroo[0]
  42  0009  0E0F        	and a,15
  42  000A  0080     E  	mov ra,a
  42  000B  1700     E  	sdza ra
  42  000C  2800     R  	jmp _L4
  42  000D  3320        	set [32].6
  42  000E  2800     R  	jmp _L5
  42  000F              _L4:
  43  000F              #line 43 "C:\Users\barby\Desktop\Company_work\Ronic\jaroo_fuck_navid_gun_xc_CODE\20160607_LIBV413\USER_PROGRAM\USER_PROGRAM.C"
  43  000F  0700     R  	mov a,_jaroo[0]
  43  0010  0E0F        	and a,15
  43  0011  0080     E  	mov ra,a
  43  0012  0700     E  	mov a,ra
  43  0013  0A02        	sub a,2
  43  0014  390A        	snz z
  43  0015  2800     R  	jmp _L6
  43  0016  32A0        	set [32].5
  43  0017  2800     R  	jmp _L5
  43  0018              _L6:
  44  0018              #line 44 "C:\Users\barby\Desktop\Company_work\Ronic\jaroo_fuck_navid_gun_xc_CODE\20160607_LIBV413\USER_PROGRAM\USER_PROGRAM.C"
  44  0018  0700     R  	mov a,_jaroo[0]
  44  0019  0E0F        	and a,15
  44  001A  0080     E  	mov ra,a
  44  001B  0700     E  	mov a,ra
  44  001C  0A03        	sub a,3
  44  001D  390A        	snz z
  44  001E  2800     R  	jmp _L7
  44  001F  3014        	set [20].0
  44  0020  2800     R  	jmp _L5
  44  0021              _L7:
"File: USER_PROGRAM.C  Assembler  Version HGASM0202      Page 3

  45  0021              #line 45 "C:\Users\barby\Desktop\Company_work\Ronic\jaroo_fuck_navid_gun_xc_CODE\20160607_LIBV413\USER_PROGRAM\USER_PROGRAM.C"
  45  0021  0700     R  	mov a,_jaroo[0]
  45  0022  0E0F        	and a,15
  45  0023  0080     E  	mov ra,a
  45  0024  0700     E  	mov a,ra
  45  0025  0A04        	sub a,4
  45  0026  390A        	snz z
  45  0027  2800     R  	jmp _L8
  45  0028  3194        	set [20].3
  45  0029  2800     R  	jmp _L5
  45  002A              _L8:
  46  002A              #line 46 "C:\Users\barby\Desktop\Company_work\Ronic\jaroo_fuck_navid_gun_xc_CODE\20160607_LIBV413\USER_PROGRAM\USER_PROGRAM.C"
  46  002A  0700     R  	mov a,_jaroo[0]
  46  002B  0E0F        	and a,15
  46  002C  0080     E  	mov ra,a
  46  002D  0700     E  	mov a,ra
  46  002E  0A05        	sub a,5
  46  002F  390A        	snz z
  46  0030  2800     R  	jmp _L5
  46  0031  3094        	set [20].1
  46  0032              _L5:
  47  0032              #line 47 "C:\Users\barby\Desktop\Company_work\Ronic\jaroo_fuck_navid_gun_xc_CODE\20160607_LIBV413\USER_PROGRAM\USER_PROGRAM.C"
  47  0032  3114        	set [20].2
  47  0033  2800     R  	jmp _L9
  47  0034              _L3:
  52  0034              #line 52 "C:\Users\barby\Desktop\Company_work\Ronic\jaroo_fuck_navid_gun_xc_CODE\20160607_LIBV413\USER_PROGRAM\USER_PROGRAM.C"
  52  0034  3720        	clr [32].6
  53  0035              #line 53 "C:\Users\barby\Desktop\Company_work\Ronic\jaroo_fuck_navid_gun_xc_CODE\20160607_LIBV413\USER_PROGRAM\USER_PROGRAM.C"
  53  0035  36A0        	clr [32].5
  54  0036              #line 54 "C:\Users\barby\Desktop\Company_work\Ronic\jaroo_fuck_navid_gun_xc_CODE\20160607_LIBV413\USER_PROGRAM\USER_PROGRAM.C"
  54  0036  3414        	clr [20].0
  55  0037              #line 55 "C:\Users\barby\Desktop\Company_work\Ronic\jaroo_fuck_navid_gun_xc_CODE\20160607_LIBV413\USER_PROGRAM\USER_PROGRAM.C"
  55  0037  3594        	clr [20].3
  56  0038              #line 56 "C:\Users\barby\Desktop\Company_work\Ronic\jaroo_fuck_navid_gun_xc_CODE\20160607_LIBV413\USER_PROGRAM\USER_PROGRAM.C"
  56  0038  3494        	clr [20].1
  58  0039              #line 58 "C:\Users\barby\Desktop\Company_work\Ronic\jaroo_fuck_navid_gun_xc_CODE\20160607_LIBV413\USER_PROGRAM\USER_PROGRAM.C"
  58  0039  3514        	clr [20].2
  58  003A              _L9:
  62  003A              #line 62 "C:\Users\barby\Desktop\Company_work\Ronic\jaroo_fuck_navid_gun_xc_CODE\20160607_LIBV413\USER_PROGRAM\USER_PROGRAM.C"
  62  003A  0F63        	mov a,99
  62  003B  0200     R  	sub a,_pwm[0]
  62  003C  3C0A        	sz c
  62  003D  2800     R  	jmp _L11
  62  003E  1F00     R  	clr _pwm[0]
  64  003F              #line 64 "C:\Users\barby\Desktop\Company_work\Ronic\jaroo_fuck_navid_gun_xc_CODE\20160607_LIBV413\USER_PROGRAM\USER_PROGRAM.C"
  64  003F  3800     R  	snz _pwm[2].0
  64  0040  2800     R  	jmp _L12
  64  0041  1480     R  	inc _pwm[1]
  65  0042              #line 65 "C:\Users\barby\Desktop\Company_work\Ronic\jaroo_fuck_navid_gun_xc_CODE\20160607_LIBV413\USER_PROGRAM\USER_PROGRAM.C"
  65  0042  0F63        	mov a,99
  65  0043  0200     R  	sub a,_pwm[1]
  65  0044  3C0A        	sz c
  65  0045  2800     R  	jmp _L11
  65  0046  3400     R  	clr _pwm[2].0
  65  0047  2800     R  	jmp _L11
  65  0048              _L12:
  68  0048              #line 68 "C:\Users\barby\Desktop\Company_work\Ronic\jaroo_fuck_navid_gun_xc_CODE\20160607_LIBV413\USER_PROGRAM\USER_PROGRAM.C"
  68  0048  1780     R  	sdz _pwm[1]
  68  0049  2800     R  	jmp _L11
  69  004A              #line 69 "C:\Users\barby\Desktop\Company_work\Ronic\jaroo_fuck_navid_gun_xc_CODE\20160607_LIBV413\USER_PROGRAM\USER_PROGRAM.C"
"File: USER_PROGRAM.C  Assembler  Version HGASM0202      Page 4

  69  004A  3000     R  	set _pwm[2].0
  69  004B              _L11:
  76  004B              #line 76 "C:\Users\barby\Desktop\Company_work\Ronic\jaroo_fuck_navid_gun_xc_CODE\20160607_LIBV413\USER_PROGRAM\USER_PROGRAM.C"
  76  004B  369D        	clr [29].5
  77  004C              #line 77 "C:\Users\barby\Desktop\Company_work\Ronic\jaroo_fuck_navid_gun_xc_CODE\20160607_LIBV413\USER_PROGRAM\USER_PROGRAM.C"
  77  004C  341D        	clr [29].0
  77  004D  309D        	set [29].1
  77  004E  351D        	clr [29].2
  78  004F              #line 78 "C:\Users\barby\Desktop\Company_work\Ronic\jaroo_fuck_navid_gun_xc_CODE\20160607_LIBV413\USER_PROGRAM\USER_PROGRAM.C"
  78  004F  321D        	set [29].4
  78  0050  2800     R  	jmp _L1
  78  0051              _L2:
  84  0051              #line 84 "C:\Users\barby\Desktop\Company_work\Ronic\jaroo_fuck_navid_gun_xc_CODE\20160607_LIBV413\USER_PROGRAM\USER_PROGRAM.C"
  84  0051  301D        	set [29].0
  84  0052  309D        	set [29].1
  84  0053  311D        	set [29].2
  85  0054              #line 85 "C:\Users\barby\Desktop\Company_work\Ronic\jaroo_fuck_navid_gun_xc_CODE\20160607_LIBV413\USER_PROGRAM\USER_PROGRAM.C"
  85  0054  0FF9        	mov a,249
  85  0055  009C        	mov [28],a
  86  0056              #line 86 "C:\Users\barby\Desktop\Company_work\Ronic\jaroo_fuck_navid_gun_xc_CODE\20160607_LIBV413\USER_PROGRAM\USER_PROGRAM.C"
  86  0056  321D        	set [29].4
  88  0057              #line 88 "C:\Users\barby\Desktop\Company_work\Ronic\jaroo_fuck_navid_gun_xc_CODE\20160607_LIBV413\USER_PROGRAM\USER_PROGRAM.C"
  88  0057  0700     R  	mov a,_jaroo[3]
  88  0058  0A96        	sub a,150
  88  0059  390A        	snz z
  88  005A  2800     R  	jmp _L15
  88  005B  1F00     R  	clr _jaroo[3]
  89  005C              #line 89 "C:\Users\barby\Desktop\Company_work\Ronic\jaroo_fuck_navid_gun_xc_CODE\20160607_LIBV413\USER_PROGRAM\USER_PROGRAM.C"
  89  005C  1100     R  	swapa _jaroo[0]
  89  005D  0E0F        	and a,0fh
  89  005E  0080     E  	mov rd,a
  89  005F  0700     R  	mov a,_jaroo[1]
  89  0060  0E07        	and a,7
  89  0061  0080     E  	mov ra,a
  89  0062  1100     E  	swapa ra
  89  0063  0EF0        	and a,0f0h 
  89  0064  0080     E  	mov ra,a
  89  0065  0700     E  	mov a,ra
  89  0066  0580     E  	orm a,rd
  89  0067  1100     R  	swapa _jaroo[1]
  89  0068  1885        	rl acc
  89  0069  0E1F        	and a,1fh
  89  006A  0080     E  	mov rb,a
  89  006B  0700     R  	mov a,_jaroo[2]
  89  006C  0E03        	and a,3
  89  006D  0080     E  	mov ra,a
  89  006E  1100     E  	swapa ra
  89  006F  1885        	rl acc
  89  0070  0EE0        	and a,0e0h
  89  0071  0080     E  	mov ra,a
  89  0072  0700     E  	mov a,ra
  89  0073  0580     E  	orm a,rb
  89  0074  1F00     E  	clr re
  89  0075  1F00     E  	clr rc
  89  0076  0F64        	mov a,100
  89  0077  0280     E  	subm a,rb
  89  0078  0F00        	mov a,0
  89  0079  1280     E  	sbcm a,rc
  89  007A  0700     E  	mov a,rd
  89  007B  0200     E  	sub a,rb
"File: USER_PROGRAM.C  Assembler  Version HGASM0202      Page 5

  89  007C  0700     E  	mov a,re
  89  007D  1200     E  	sbc a,rc
  89  007E  1185        	swap acc
  89  007F  040A        	xor a,status
  89  0080  3985        	snz acc.3
  89  0081  2800     R  	jmp _L16
  89  0082  1100     R  	swapa _jaroo[0]
  89  0083  0E0F        	and a,0fh
  89  0084  0080     E  	mov rb,a
  89  0085  0700     R  	mov a,_jaroo[1]
  89  0086  0E07        	and a,7
  89  0087  0080     E  	mov ra,a
  89  0088  1100     E  	swapa ra
  89  0089  0EF0        	and a,0f0h 
  89  008A  0080     E  	mov ra,a
  89  008B  0700     E  	mov a,rb
  89  008C  0580     E  	orm a,ra
  89  008D  1480     E  	inc ra
  89  008E  2800     R  	jmp _L20
  89  008F              _L16:
  90  008F              #line 90 "C:\Users\barby\Desktop\Company_work\Ronic\jaroo_fuck_navid_gun_xc_CODE\20160607_LIBV413\USER_PROGRAM\USER_PROGRAM.C"
  90  008F  1100     R  	swapa _jaroo[0]
  90  0090  0E0F        	and a,0fh
  90  0091  0080     E  	mov rd,a
  90  0092  0700     R  	mov a,_jaroo[1]
  90  0093  0E07        	and a,7
  90  0094  0080     E  	mov ra,a
  90  0095  1100     E  	swapa ra
  90  0096  0EF0        	and a,0f0h 
  90  0097  0080     E  	mov ra,a
  90  0098  0700     E  	mov a,ra
  90  0099  0580     E  	orm a,rd
  90  009A  1100     R  	swapa _jaroo[1]
  90  009B  1885        	rl acc
  90  009C  0E1F        	and a,1fh
  90  009D  0080     E  	mov rb,a
  90  009E  0700     R  	mov a,_jaroo[2]
  90  009F  0E03        	and a,3
  90  00A0  0080     E  	mov ra,a
  90  00A1  1100     E  	swapa ra
  90  00A2  1885        	rl acc
  90  00A3  0EE0        	and a,0e0h
  90  00A4  0080     E  	mov ra,a
  90  00A5  0700     E  	mov a,ra
  90  00A6  0580     E  	orm a,rb
  90  00A7  1F00     E  	clr re
  90  00A8  1F00     E  	clr rc
  90  00A9  0F64        	mov a,100
  90  00AA  0280     E  	subm a,rb
  90  00AB  0F00        	mov a,0
  90  00AC  1280     E  	sbcm a,rc
  90  00AD  0700     E  	mov a,rb
  90  00AE  0200     E  	sub a,rd
  90  00AF  0700     E  	mov a,rc
  90  00B0  1200     E  	sbc a,re
  90  00B1  1185        	swap acc
  90  00B2  040A        	xor a,status
  90  00B3  3985        	snz acc.3
  90  00B4  2800     R  	jmp _L17
  90  00B5  1100     R  	swapa _jaroo[0]
"File: USER_PROGRAM.C  Assembler  Version HGASM0202      Page 6

  90  00B6  0E0F        	and a,0fh
  90  00B7  0080     E  	mov rb,a
  90  00B8  0700     R  	mov a,_jaroo[1]
  90  00B9  0E07        	and a,7
  90  00BA  0080     E  	mov ra,a
  90  00BB  1100     E  	swapa ra
  90  00BC  0EF0        	and a,0f0h 
  90  00BD  0080     E  	mov ra,a
  90  00BE  0700     E  	mov a,rb
  90  00BF  0580     E  	orm a,ra
  90  00C0  0F7F        	mov a,127
  90  00C1  0380     E  	addm a,ra
  90  00C2              _L20:
  90  00C2  3400     E  	clr ra.7
  90  00C3  0700     E  	mov a,ra
  90  00C4  0080     E  	mov rb,a
  90  00C5  1100     E  	swapa rb
  90  00C6  0EF0        	and a,0f0h 
  90  00C7  0080     E  	mov rb,a
  90  00C8  0700     R  	mov a,_jaroo[0]
  90  00C9  0E0F        	and a,15
  90  00CA  0080     E  	mov rc,a
  90  00CB  0700     E  	mov a,rc
  90  00CC  0500     E  	or a,rb
  90  00CD  0080     R  	mov _jaroo[0],a
  90  00CE  1100     E  	swapa ra
  90  00CF  0E0F        	and a,0fh
  90  00D0  0080     E  	mov ra,a
  90  00D1  0700     R  	mov a,_jaroo[1]
  90  00D2  0EF8        	and a,248
  90  00D3  0080     E  	mov rb,a
  90  00D4  0700     E  	mov a,rb
  90  00D5  0500     E  	or a,ra
  90  00D6  0080     R  	mov _jaroo[1],a
  90  00D7  2800     R  	jmp _L17
  90  00D8              _L15:
  92  00D8              #line 92 "C:\Users\barby\Desktop\Company_work\Ronic\jaroo_fuck_navid_gun_xc_CODE\20160607_LIBV413\USER_PROGRAM\USER_PROGRAM.C"
  92  00D8  1480     R  	inc _jaroo[3]
  92  00D9              _L17:
  94  00D9              #line 94 "C:\Users\barby\Desktop\Company_work\Ronic\jaroo_fuck_navid_gun_xc_CODE\20160607_LIBV413\USER_PROGRAM\USER_PROGRAM.C"
  94  00D9  1480     R  	inc _timer_load[0]
  96  00DA              #line 96 "C:\Users\barby\Desktop\Company_work\Ronic\jaroo_fuck_navid_gun_xc_CODE\20160607_LIBV413\USER_PROGRAM\USER_PROGRAM.C"
  96  00DA  1100     R  	swapa _jaroo[0]
  96  00DB  0E0F        	and a,0fh
  96  00DC  0080     E  	mov rb,a
  96  00DD  0700     R  	mov a,_jaroo[1]
  96  00DE  0E07        	and a,7
  96  00DF  0080     E  	mov ra,a
  96  00E0  1100     E  	swapa ra
  96  00E1  0EF0        	and a,0f0h 
  96  00E2  0080     E  	mov ra,a
  96  00E3  0700     E  	mov a,ra
  96  00E4  0580     E  	orm a,rb
  96  00E5  0700     R  	mov a,_timer_load[0]
  96  00E6  0080     E  	mov rd,a
  96  00E7  1F00     E  	clr re
  96  00E8  3F85        	sz acc.7
  96  00E9  1F80     E  	set re
  96  00EA  1F00     E  	clr rc
  96  00EB  0700     E  	mov a,rd
"File: USER_PROGRAM.C  Assembler  Version HGASM0202      Page 7

  96  00EC  0200     E  	sub a,rb
  96  00ED  0700     E  	mov a,re
  96  00EE  1200     E  	sbc a,rc
  96  00EF  1185        	swap acc
  96  00F0  040A        	xor a,status
  96  00F1  3985        	snz acc.3
  96  00F2  2800     R  	jmp _L18
  97  00F3              #line 97 "C:\Users\barby\Desktop\Company_work\Ronic\jaroo_fuck_navid_gun_xc_CODE\20160607_LIBV413\USER_PROGRAM\USER_PROGRAM.C"
  97  00F3  3794        	clr [20].7
  97  00F4  2800     R  	jmp _L1
  97  00F5              _L18:
  99  00F5              #line 99 "C:\Users\barby\Desktop\Company_work\Ronic\jaroo_fuck_navid_gun_xc_CODE\20160607_LIBV413\USER_PROGRAM\USER_PROGRAM.C"
  99  00F5  1100     R  	swapa _jaroo[0]
  99  00F6  0E0F        	and a,0fh
  99  00F7  0080     E  	mov rb,a
  99  00F8  0700     R  	mov a,_jaroo[1]
  99  00F9  0E07        	and a,7
  99  00FA  0080     E  	mov ra,a
  99  00FB  1100     E  	swapa ra
  99  00FC  0EF0        	and a,0f0h 
  99  00FD  0080     E  	mov ra,a
  99  00FE  0700     E  	mov a,ra
  99  00FF  0580     E  	orm a,rb
  99  0100  0700     R  	mov a,_timer_load[0]
  99  0101  0080     E  	mov rd,a
  99  0102  1F00     E  	clr re
  99  0103  3F85        	sz acc.7
  99  0104  1F80     E  	set re
  99  0105  1F00     E  	clr rc
  99  0106  0700     E  	mov a,rd
  99  0107  0400     E  	xor a,rb
  99  0108  0700     E  	mov a,re
  99  0109  3D0A        	sz z
  99  010A  0400     E  	xor a,rc
  99  010B  390A        	snz z
  99  010C  2800     R  	jmp _L19
  99  010D  3394        	set [20].7
  99  010E  2800     R  	jmp _L1
  99  010F              _L19:
 100  010F              #line 100 "C:\Users\barby\Desktop\Company_work\Ronic\jaroo_fuck_navid_gun_xc_CODE\20160607_LIBV413\USER_PROGRAM\USER_PROGRAM.C"
 100  010F  3794        	clr [20].7
 102  0110              #line 102 "C:\Users\barby\Desktop\Company_work\Ronic\jaroo_fuck_navid_gun_xc_CODE\20160607_LIBV413\USER_PROGRAM\USER_PROGRAM.C"
 102  0110  1F00     R  	clr _timer_load[0]
 103  0111              #line 103 "C:\Users\barby\Desktop\Company_work\Ronic\jaroo_fuck_navid_gun_xc_CODE\20160607_LIBV413\USER_PROGRAM\USER_PROGRAM.C"
 103  0111  361D        	clr [29].4
 103  0112              _L1:
 103  0112  0700     E  	mov a,r2
 103  0113  008A        	mov status,a
 103  0114  0700     E  	mov a,r1
 103  0115  0004        	reti
 103  0116              _timer endp
 103  0116              
 103  0116              #line 103 "C:\Users\barby\Desktop\Company_work\Ronic\jaroo_fuck_navid_gun_xc_CODE\20160607_LIBV413\USER_PROGRAM\USER_PROGRAM.C"
 103  0116              #pragma debug scope 1 1
 103  0116              public _ex_interupt
 103  0116              #pragma debug scope 4 1
 113  0116              #line 113 "C:\Users\barby\Desktop\Company_work\Ronic\jaroo_fuck_navid_gun_xc_CODE\20160607_LIBV413\USER_PROGRAM\USER_PROGRAM.C"
 113  0000              @ex_interupt_code .section at 4 'code'
 113  0000  0080     E  	mov r1,a
 113  0001  070A        	mov a,status
"File: USER_PROGRAM.C  Assembler  Version HGASM0202      Page 8

 113  0002  0080     E  	mov r2,a
 113  0003  2800     R  	jmp _ex_interupt
 113  0004              #pragma debug scope 1 1
 113  0004              @dummy4 endp
 113  0004              #pragma debug scope 5 1
 113  0000              _ex_interupt .section 'code'
 113  0000              _ex_interupt proc
 115  0000              #line 115 "C:\Users\barby\Desktop\Company_work\Ronic\jaroo_fuck_navid_gun_xc_CODE\20160607_LIBV413\USER_PROGRAM\USER_PROGRAM.C"
 115  0000  3800     R  	snz _jaroo[4].0
 115  0001  2800     R  	jmp _L22
 117  0002              #line 117 "C:\Users\barby\Desktop\Company_work\Ronic\jaroo_fuck_navid_gun_xc_CODE\20160607_LIBV413\USER_PROGRAM\USER_PROGRAM.C"
 117  0002  301D        	set [29].0
 117  0003  309D        	set [29].1
 117  0004  311D        	set [29].2
 118  0005              #line 118 "C:\Users\barby\Desktop\Company_work\Ronic\jaroo_fuck_navid_gun_xc_CODE\20160607_LIBV413\USER_PROGRAM\USER_PROGRAM.C"
 118  0005  0FF9        	mov a,249
 118  0006  009C        	mov [28],a
 119  0007              #line 119 "C:\Users\barby\Desktop\Company_work\Ronic\jaroo_fuck_navid_gun_xc_CODE\20160607_LIBV413\USER_PROGRAM\USER_PROGRAM.C"
 119  0007  321D        	set [29].4
 119  0008              _L22:
 119  0008  0700     E  	mov a,r2
 119  0009  008A        	mov status,a
 119  000A  0700     E  	mov a,r1
 119  000B  0004        	reti
 119  000C              _ex_interupt endp
 119  000C              
 119  000C              #line 119 "C:\Users\barby\Desktop\Company_work\Ronic\jaroo_fuck_navid_gun_xc_CODE\20160607_LIBV413\USER_PROGRAM\USER_PROGRAM.C"
 119  000C              #pragma debug scope 1 1
 119  000C              public _USER_PROGRAM
 119  000C              #pragma debug scope 6 1
 135  000C              #line 135 "C:\Users\barby\Desktop\Company_work\Ronic\jaroo_fuck_navid_gun_xc_CODE\20160607_LIBV413\USER_PROGRAM\USER_PROGRAM.C"
 135  0000              _USER_PROGRAM .section 'code'
 135  0000              _USER_PROGRAM proc
 135  0000  00              local _USER_PROGRAM_2 db 1 dup(?)	; 0,1
 137  0001              #line 137 "C:\Users\barby\Desktop\Company_work\Ronic\jaroo_fuck_navid_gun_xc_CODE\20160607_LIBV413\USER_PROGRAM\USER_PROGRAM.C"
 137  0000  2000     E  	call _GET_KEY_BITMAP
 138  0001              #line 138 "C:\Users\barby\Desktop\Company_work\Ronic\jaroo_fuck_navid_gun_xc_CODE\20160607_LIBV413\USER_PROGRAM\USER_PROGRAM.C"
 138  0001  2000     E  	call _touch_led_manage
 139  0002              #line 139 "C:\Users\barby\Desktop\Company_work\Ronic\jaroo_fuck_navid_gun_xc_CODE\20160607_LIBV413\USER_PROGRAM\USER_PROGRAM.C"
 139  0002              ;# 139 "C:\Users\barby\Desktop\Company_work\Ronic\jaroo_fuck_navid_gun_xc_CODE\20160607_LIBV413\USER_PROGRAM\USER_PROGRAM.C" 1
 139  0002  0001        	clr wdt
 141  0003              #line 141 "C:\Users\barby\Desktop\Company_work\Ronic\jaroo_fuck_navid_gun_xc_CODE\20160607_LIBV413\USER_PROGRAM\USER_PROGRAM.C"
 141  0003  0700     E  	mov a,_DATA_BUF[0]
 141  0004  0080     R  	mov _USER_PROGRAM_2[0],a
 141  0005  3800     R  	snz _USER_PROGRAM_2[0].0
 141  0006  2800     R  	jmp _L28
 143  0007              #line 143 "C:\Users\barby\Desktop\Company_work\Ronic\jaroo_fuck_navid_gun_xc_CODE\20160607_LIBV413\USER_PROGRAM\USER_PROGRAM.C"
 143  0007  3C00     R  	sz _touch[0].0
 143  0008  2800     R  	jmp _L32
 143  0009  3000     R  	set _touch[0].0
 145  000A              #line 145 "C:\Users\barby\Desktop\Company_work\Ronic\jaroo_fuck_navid_gun_xc_CODE\20160607_LIBV413\USER_PROGRAM\USER_PROGRAM.C"
 145  000A  0700     R  	mov a,_jaroo[4]
 145  000B  0E01        	and a,1
 145  000C  0080     E  	mov ra,a
 145  000D  0F01        	mov a,1
 145  000E  0480     E  	xorm a,ra
 145  000F  3400     R  	clr _jaroo[4].0
 145  0010  0700     E  	mov a,ra
 145  0011  0580     R  	orm a,_jaroo[4]
 146  0012              #line 146 "C:\Users\barby\Desktop\Company_work\Ronic\jaroo_fuck_navid_gun_xc_CODE\20160607_LIBV413\USER_PROGRAM\USER_PROGRAM.C"
"File: USER_PROGRAM.C  Assembler  Version HGASM0202      Page 9

 146  0012  3800     R  	snz _jaroo[4].0
 146  0013  2800     R  	jmp _L30
 146  0014  0700     R  	mov a,_jaroo[0]
 146  0015  0E0F        	and a,15
 146  0016  0080     E  	mov ra,a
 146  0017  0700     E  	mov a,ra
 146  0018  0DA0        	or a,160
 146  0019  0080     R  	mov _jaroo[0],a
 146  001A  0700     R  	mov a,_jaroo[1]
 146  001B  0EF8        	and a,248
 146  001C  0080     E  	mov ra,a
 146  001D  0700     E  	mov a,ra
 146  001E  0D05        	or a,5
 146  001F  0080     R  	mov _jaroo[1],a
 146  0020  2800     R  	jmp _L32
 146  0021              _L30:
 149  0021              #line 149 "C:\Users\barby\Desktop\Company_work\Ronic\jaroo_fuck_navid_gun_xc_CODE\20160607_LIBV413\USER_PROGRAM\USER_PROGRAM.C"
 149  0021  1F1C        	clr [28]
 150  0022              #line 150 "C:\Users\barby\Desktop\Company_work\Ronic\jaroo_fuck_navid_gun_xc_CODE\20160607_LIBV413\USER_PROGRAM\USER_PROGRAM.C"
 150  0022  321D        	set [29].4
 150  0023  2800     R  	jmp _L32
 150  0024              _L28:
 156  0024              #line 156 "C:\Users\barby\Desktop\Company_work\Ronic\jaroo_fuck_navid_gun_xc_CODE\20160607_LIBV413\USER_PROGRAM\USER_PROGRAM.C"
 156  0024  3400     R  	clr _touch[0].0
 161  0025              #line 161 "C:\Users\barby\Desktop\Company_work\Ronic\jaroo_fuck_navid_gun_xc_CODE\20160607_LIBV413\USER_PROGRAM\USER_PROGRAM.C"
 161  0025  1080     R  	sz _USER_PROGRAM_2[0]
 161  0026  2800     R  	jmp _LI1
 161  0027  2800     R  	jmp _L27
 161  0028              _LI1:
 161  0028              _L32:
 161  0028  0F5A        	mov a,90
 161  0029  0080     R  	mov _pwm[1],a
 161  002A              _L27:
 161  002A  0003        	ret
 161  002B              _USER_PROGRAM endp
 161  002B              #line 161 "C:\Users\barby\Desktop\Company_work\Ronic\jaroo_fuck_navid_gun_xc_CODE\20160607_LIBV413\USER_PROGRAM\USER_PROGRAM.C"
 161  002B              #pragma debug scope 1 1
 161  002B              ___intc0 equ [14]
 161  002B              public _ini_main
 161  002B              #pragma debug scope 7 1
 167  002B              #line 167 "C:\Users\barby\Desktop\Company_work\Ronic\jaroo_fuck_navid_gun_xc_CODE\20160607_LIBV413\USER_PROGRAM\USER_PROGRAM.C"
 167  0000              _ini_main .section 'code'
 167  0000              _ini_main proc
 169  0000              #line 169 "C:\Users\barby\Desktop\Company_work\Ronic\jaroo_fuck_navid_gun_xc_CODE\20160607_LIBV413\USER_PROGRAM\USER_PROGRAM.C"
 169  0000  2000     E  	call _clock_ini
 171  0001              #line 171 "C:\Users\barby\Desktop\Company_work\Ronic\jaroo_fuck_navid_gun_xc_CODE\20160607_LIBV413\USER_PROGRAM\USER_PROGRAM.C"
 171  0001  0700     R  	mov a,_jaroo[0]
 171  0002  0EF0        	and a,240
 171  0003  0080     E  	mov ra,a
 171  0004  0700     E  	mov a,ra
 171  0005  0D03        	or a,3
 171  0006  0080     R  	mov _jaroo[0],a
 173  0007              #line 173 "C:\Users\barby\Desktop\Company_work\Ronic\jaroo_fuck_navid_gun_xc_CODE\20160607_LIBV413\USER_PROGRAM\USER_PROGRAM.C"
 173  0007  3000     R  	set _pwm[2].0
 174  0008              #line 174 "C:\Users\barby\Desktop\Company_work\Ronic\jaroo_fuck_navid_gun_xc_CODE\20160607_LIBV413\USER_PROGRAM\USER_PROGRAM.C"
 174  0008  1F00     R  	clr _pwm[1]
 175  0009              #line 175 "C:\Users\barby\Desktop\Company_work\Ronic\jaroo_fuck_navid_gun_xc_CODE\20160607_LIBV413\USER_PROGRAM\USER_PROGRAM.C"
 175  0009  1F00     R  	clr _pwm[0]
 177  000A              #line 177 "C:\Users\barby\Desktop\Company_work\Ronic\jaroo_fuck_navid_gun_xc_CODE\20160607_LIBV413\USER_PROGRAM\USER_PROGRAM.C"
 177  000A  3400     R  	clr _touch[0].0
"File: USER_PROGRAM.C  Assembler  Version HGASM0202      Page 10

 179  000B              #line 179 "C:\Users\barby\Desktop\Company_work\Ronic\jaroo_fuck_navid_gun_xc_CODE\20160607_LIBV413\USER_PROGRAM\USER_PROGRAM.C"
 179  000B  0700     R  	mov a,_jaroo[0]
 179  000C  0EF0        	and a,240
 179  000D  0080     E  	mov ra,a
 179  000E  0700     E  	mov a,ra
 179  000F  0D03        	or a,3
 179  0010  0080     R  	mov _jaroo[0],a
 180  0011              #line 180 "C:\Users\barby\Desktop\Company_work\Ronic\jaroo_fuck_navid_gun_xc_CODE\20160607_LIBV413\USER_PROGRAM\USER_PROGRAM.C"
 180  0011  3400     R  	clr _jaroo[4].0
 181  0012              #line 181 "C:\Users\barby\Desktop\Company_work\Ronic\jaroo_fuck_navid_gun_xc_CODE\20160607_LIBV413\USER_PROGRAM\USER_PROGRAM.C"
 181  0012  0700     R  	mov a,_jaroo[1]
 181  0013  0E07        	and a,7
 181  0014  0080     E  	mov ra,a
 181  0015  0700     E  	mov a,ra
 181  0016  0D90        	or a,144
 181  0017  0080     R  	mov _jaroo[1],a
 181  0018  0700     R  	mov a,_jaroo[2]
 181  0019  0EFC        	and a,252
 181  001A  0080     E  	mov ra,a
 181  001B  3000     E  	set ra.0
 181  001C  0700     E  	mov a,ra
 181  001D  0080     R  	mov _jaroo[2],a
 182  001E              #line 182 "C:\Users\barby\Desktop\Company_work\Ronic\jaroo_fuck_navid_gun_xc_CODE\20160607_LIBV413\USER_PROGRAM\USER_PROGRAM.C"
 182  001E  1F00     R  	clr _jaroo[3]
 183  001F              #line 183 "C:\Users\barby\Desktop\Company_work\Ronic\jaroo_fuck_navid_gun_xc_CODE\20160607_LIBV413\USER_PROGRAM\USER_PROGRAM.C"
 183  001F  0700     R  	mov a,_jaroo[0]
 183  0020  0E0F        	and a,15
 183  0021  0080     E  	mov ra,a
 183  0022  0700     E  	mov a,ra
 183  0023  0DA0        	or a,160
 183  0024  0080     R  	mov _jaroo[0],a
 183  0025  0700     R  	mov a,_jaroo[1]
 183  0026  0EF8        	and a,248
 183  0027  0080     E  	mov ra,a
 183  0028  0700     E  	mov a,ra
 183  0029  0D05        	or a,5
 183  002A  0080     R  	mov _jaroo[1],a
 185  002B              #line 185 "C:\Users\barby\Desktop\Company_work\Ronic\jaroo_fuck_navid_gun_xc_CODE\20160607_LIBV413\USER_PROGRAM\USER_PROGRAM.C"
 185  002B  2000     E  	call _GPIO_ini
 187  002C              #line 187 "C:\Users\barby\Desktop\Company_work\Ronic\jaroo_fuck_navid_gun_xc_CODE\20160607_LIBV413\USER_PROGRAM\USER_PROGRAM.C"
 187  002C  2000     E  	call _EX_INT_init
 189  002D              #line 189 "C:\Users\barby\Desktop\Company_work\Ronic\jaroo_fuck_navid_gun_xc_CODE\20160607_LIBV413\USER_PROGRAM\USER_PROGRAM.C"
 189  002D  2000     E  	call _timer_interupt_enable
 190  002E              #line 190 "C:\Users\barby\Desktop\Company_work\Ronic\jaroo_fuck_navid_gun_xc_CODE\20160607_LIBV413\USER_PROGRAM\USER_PROGRAM.C"
 190  002E  300E        	set [14].0
 192  002F              #line 192 "C:\Users\barby\Desktop\Company_work\Ronic\jaroo_fuck_navid_gun_xc_CODE\20160607_LIBV413\USER_PROGRAM\USER_PROGRAM.C"
 192  002F  369D        	clr [29].5
 193  0030              #line 193 "C:\Users\barby\Desktop\Company_work\Ronic\jaroo_fuck_navid_gun_xc_CODE\20160607_LIBV413\USER_PROGRAM\USER_PROGRAM.C"
 193  0030  341D        	clr [29].0
 193  0031  309D        	set [29].1
 193  0032  351D        	clr [29].2
 195  0033              #line 195 "C:\Users\barby\Desktop\Company_work\Ronic\jaroo_fuck_navid_gun_xc_CODE\20160607_LIBV413\USER_PROGRAM\USER_PROGRAM.C"
 195  0033  1F1C        	clr [28]
 196  0034              #line 196 "C:\Users\barby\Desktop\Company_work\Ronic\jaroo_fuck_navid_gun_xc_CODE\20160607_LIBV413\USER_PROGRAM\USER_PROGRAM.C"
 196  0034  321D        	set [29].4
 196  0035  0003        	ret
 196  0036              _ini_main endp
 196  0036              #line 196 "C:\Users\barby\Desktop\Company_work\Ronic\jaroo_fuck_navid_gun_xc_CODE\20160607_LIBV413\USER_PROGRAM\USER_PROGRAM.C"
 196  0036              #pragma debug scope 1 1
 196  0036              public _USER_PROGRAM_INITIAL
"File: USER_PROGRAM.C  Assembler  Version HGASM0202      Page 11

 196  0036              #pragma debug scope 8 1
 128  0036              #line 128 "C:\Users\barby\Desktop\Company_work\Ronic\jaroo_fuck_navid_gun_xc_CODE\20160607_LIBV413\USER_PROGRAM\USER_PROGRAM.C"
 128  0000              _USER_PROGRAM_INITIAL .section 'code'
 128  0000              _USER_PROGRAM_INITIAL proc
 129  0000              #line 129 "C:\Users\barby\Desktop\Company_work\Ronic\jaroo_fuck_navid_gun_xc_CODE\20160607_LIBV413\USER_PROGRAM\USER_PROGRAM.C"
 129  0000  2000     R  	call _ini_main
 129  0001  0003        	ret
 129  0002              _USER_PROGRAM_INITIAL endp
 129  0002              #line 129 "C:\Users\barby\Desktop\Company_work\Ronic\jaroo_fuck_navid_gun_xc_CODE\20160607_LIBV413\USER_PROGRAM\USER_PROGRAM.C"
 129  0002              #pragma debug scope 1 1
 129  0002              public _timer_load
 129  0000              @HCCINIT	.section 'data'
  30  0000              #line 30 "C:\Users\barby\Desktop\Company_work\Ronic\jaroo_fuck_navid_gun_xc_CODE\20160607_LIBV413\USER_PROGRAM\USER_PROGRAM.C"
  30  0000              @HCCINIT .section 'data'
  30  0000              _timer_load label byte
  30  0000              #pragma debug variable 7 1 _timer_load "timer_load"
  30  0000              	db 0
  30  0000              @ROMDATA_BASE .section inpage 'code'
  30  0000              	db 0
  30  0001              @HCCINIT .section 'data'
  30  0001              public _i
  14  0001              #line 14 "C:\Users\barby\Desktop\Company_work\Ronic\jaroo_fuck_navid_gun_xc_CODE\20160607_LIBV413\USER_PROGRAM\USER_PROGRAM.C"
  14  0001              @HCCINIT .section 'data'
  14  0001              _i label byte
  14  0001              #pragma debug variable 8 1 _i "i"
  14  0001              	db 0
  14  0001              @ROMDATA_BASE .section inpage 'code'
  14  0001              	db 0
  14  0002              @HCCINIT .section 'data'
  12  0002              #line 12 "C:\Users\barby\Desktop\Company_work\Ronic\jaroo_fuck_navid_gun_xc_CODE\20160607_LIBV413\USER_PROGRAM\USER_PROGRAM.C"
  12  0002              public _pwm
  12  0000              @HCCINIT0 .section 'data'
  12  0000  0003[       _pwm	db 3 dup(0)
            00
            ]
  12  0003              #pragma debug struct_end
  12  0003              #pragma debug struct_end
  12  0003              #pragma debug variable 42 1 _pwm "pwm"
  12  0003              
  12  0002              @HCCINIT .section 'data'
  11  0002              #line 11 "C:\Users\barby\Desktop\Company_work\Ronic\jaroo_fuck_navid_gun_xc_CODE\20160607_LIBV413\USER_PROGRAM\USER_PROGRAM.C"
  11  0002              public _touch
  11  0003              @HCCINIT0 .section 'data'
  11  0003              _touch	db 0
  11  0004              #pragma debug struct_end
  11  0004              #pragma debug struct_end
  11  0004              #pragma debug variable 43 1 _touch "touch"
  11  0004              
  11  0002              @HCCINIT .section 'data'
  10  0002              #line 10 "C:\Users\barby\Desktop\Company_work\Ronic\jaroo_fuck_navid_gun_xc_CODE\20160607_LIBV413\USER_PROGRAM\USER_PROGRAM.C"
  10  0002              public _jaroo
  10  0004              @HCCINIT0 .section 'data'
  10  0004  0005[       _jaroo	db 5 dup(0)
            00
            ]
  10  0009              #pragma debug struct_end
  10  0009              #pragma debug struct_end
  10  0009              #pragma debug variable 44 1 _jaroo "jaroo"
  10  0009              
  10  0002              @HCCINIT .section 'data'
"File: USER_PROGRAM.C  Assembler  Version HGASM0202      Page 12

  10  0002              #pragma debug struct_end
  10  0002              #pragma debug struct_end
  10  0002              #pragma debug union_end
  10  0002              #pragma debug union_end
  10  0002              #pragma debug variable 46 1 ___intc0 "__intc0" 1
  10  0002              #pragma debug struct_end
  10  0002              #pragma debug struct_end
  10  0002              #pragma debug union_end
  10  0002              #pragma debug union_end
  10  0002              #pragma debug variable 48 1 ___pa "__pa" 1
  10  0002              #pragma debug variable 8 1 ___tmr "__tmr" 1
  10  0002              #pragma debug struct_end
  10  0002              #pragma debug struct_end
  10  0002              #pragma debug union_end
  10  0002              #pragma debug union_end
  10  0002              #pragma debug variable 50 1 ___tmrc "__tmrc" 1
  10  0002              #pragma debug struct_end
  10  0002              #pragma debug struct_end
  10  0002              #pragma debug union_end
  10  0002              #pragma debug union_end
  10  0002              #pragma debug variable 52 1 ___pb "__pb" 1
  10  0002              
  10  0002              ; output external variables
  10  0002              extern _DATA_BUF:byte
  10  0002              extern r1:byte
  10  0002              extern r2:byte
  10  0002              extern _GET_KEY_BITMAP:near
  10  0002              extern _touch_led_manage:near
  10  0002              extern _clock_ini:near
  10  0002              extern _GPIO_ini:near
  10  0002              extern _EX_INT_init:near
  10  0002              extern _timer_interupt_enable:near
  10  0002              
  10  0002              ; 
  10  0002              ; Generated by holtek-gcc v3.19, Wed Aug 10 09:58:59 2022
  10  0002              ; Rebuild 718
  10  0002              ; end of file


        0 Errors, 0